<?xml version="1.0" encoding="UTF-8"?>
<!-- Generated by org.testng.reporters.JUnitReportReporter -->
<testsuite skipped="0" hostname="Saidineshs-MacBook-Pro.local" name="remoteTestingDocker.DockerValidation.Googlepage" tests="6" failures="0" timestamp="2023-05-30T15:59:48 IST" time="40.759" errors="0">
  <testcase name="verifygooglepage" time="3.261" classname="remoteTestingDocker.DockerValidation.Googlepage"/>
  <system-out/>
  <testcase name="verifygooglepage" time="9.502" classname="remoteTestingDocker.DockerValidation.Googlepage"/>
  <system-out/>
  <testcase name="verifygooglepage" time="9.739" classname="remoteTestingDocker.DockerValidation.Googlepage"/>
  <system-out/>
  <testcase name="verifyfacebookpage" time="5.982" classname="remoteTestingDocker.DockerValidation.Googlepage"/>
  <system-out/>
  <testcase name="verifyfacebookpage" time="6.254" classname="remoteTestingDocker.DockerValidation.Googlepage"/>
  <system-out/>
  <testcase name="verifyfacebookpage" time="6.021" classname="remoteTestingDocker.DockerValidation.Googlepage"/>
  <system-out/>
</testsuite> <!-- remoteTestingDocker.DockerValidation.Googlepage -->
