<?xml version="1.0" encoding="UTF-8"?>
<!-- Generated by org.testng.reporters.JUnitReportReporter -->
<testsuite hostname="Saidineshs-MacBook-Pro.local" failures="0" tests="3" name="remoteTestingDocker.DockerValidation.AppTest" time="0.030" errors="0" timestamp="2023-02-13T19:19:34 IST" skipped="0">
  <testcase classname="remoteTestingDocker.DockerValidation.AppTest" name="shouldAnswerWithTrue" time="0.010"/>
  <system-out/>
  <testcase classname="remoteTestingDocker.DockerValidation.AppTest" name="shouldAnswerWithTrue" time="0.010"/>
  <system-out/>
  <testcase classname="remoteTestingDocker.DockerValidation.AppTest" name="shouldAnswerWithTrue" time="0.010"/>
  <system-out/>
</testsuite> <!-- remoteTestingDocker.DockerValidation.AppTest -->
