<?xml version="1.0" encoding="UTF-8"?>
<!-- Generated by org.testng.reporters.JUnitReportReporter -->
<testsuite hostname="Saidineshs-MacBook-Pro.local" failures="0" tests="1" name="remoteTestingDocker.DockerValidation.ChromestanalonetestTest" time="0.003" errors="0" timestamp="2023-02-01T15:49:48 IST" skipped="0">
  <testcase classname="remoteTestingDocker.DockerValidation.ChromestanalonetestTest" name="codeTest" time="0.003"/>
  <system-out/>
</testsuite> <!-- remoteTestingDocker.DockerValidation.ChromestanalonetestTest -->
