<?xml version="1.0" encoding="UTF-8"?>
<!-- Generated by org.testng.reporters.JUnitReportReporter -->
<testsuite skipped="0" hostname="Saidineshs-MacBook-Pro.local" name="remoteTestingDocker.DockerValidation.AppTest" tests="3" failures="0" timestamp="2023-05-30T15:59:43 IST" time="0.032" errors="0">
  <testcase name="shouldAnswerWithTrue" time="0.011" classname="remoteTestingDocker.DockerValidation.AppTest"/>
  <system-out/>
  <testcase name="shouldAnswerWithTrue" time="0.011" classname="remoteTestingDocker.DockerValidation.AppTest"/>
  <system-out/>
  <testcase name="shouldAnswerWithTrue" time="0.010" classname="remoteTestingDocker.DockerValidation.AppTest"/>
  <system-out/>
</testsuite> <!-- remoteTestingDocker.DockerValidation.AppTest -->
