<?xml version="1.0" encoding="UTF-8"?>
<!-- Generated by org.testng.reporters.JUnitReportReporter -->
<testsuite hostname="Saidineshs-MacBook-Pro.local" failures="0" tests="4" name="remoteTestingDocker.DockerValidation.Googlepage" time="24.889" errors="0" timestamp="2023-06-19T16:47:20 IST" skipped="0">
  <testcase classname="remoteTestingDocker.DockerValidation.Googlepage" name="verifygooglepage" time="8.543"/>
  <system-out/>
  <testcase classname="remoteTestingDocker.DockerValidation.Googlepage" name="verifygooglepage" time="10.527"/>
  <system-out/>
  <testcase classname="remoteTestingDocker.DockerValidation.Googlepage" name="verifyfacebookpage" time="2.246"/>
  <system-out/>
  <testcase classname="remoteTestingDocker.DockerValidation.Googlepage" name="verifyfacebookpage" time="3.573"/>
  <system-out/>
</testsuite> <!-- remoteTestingDocker.DockerValidation.Googlepage -->
