<?xml version="1.0" encoding="UTF-8"?>
<!-- Generated by org.testng.reporters.JUnitReportReporter -->
<testsuite hostname="Saidineshs-MacBook-Pro.local" failures="1" tests="7" name="remoteTestingDocker.DockerValidation.Googlepage" time="316.236" errors="1" timestamp="2023-02-08T06:31:18 IST" skipped="2">
  <testcase classname="remoteTestingDocker.DockerValidation.Googlepage" name="opendriver" time="300.653">
    <error message="Could not start a new session. New session request timed out 
Host info: host: &#039;15d6fa03dca2&#039;, ip: &#039;172.20.0.2&#039;
Build info: version: &#039;4.8.0&#039;, revision: &#039;267030adea&#039;
System info: os.name: &#039;Linux&#039;, os.arch: &#039;amd64&#039;, os.version: &#039;5.15.82-0-virt&#039;, java.version: &#039;11.0.17&#039;
Driver info: driver.version: unknown
Build info: version: &#039;3.141.59&#039;, revision: &#039;e82be7d358&#039;, time: &#039;2018-11-14T08:17:03&#039;
System info: host: &#039;Saidineshs-MacBook-Pro.local&#039;, ip: &#039;2406:7400:63:68c1:c4b0:8a22:7b1c:edce%en0&#039;, os.name: &#039;Mac OS X&#039;, os.arch: &#039;x86_64&#039;, os.version: &#039;10.16&#039;, java.version: &#039;16.0.1&#039;
Driver info: driver.version: RemoteWebDriver
remote stacktrace: [{fileName=LocalNewSessionQueue.java, moduleVersion=null, moduleName=null, nativeMethod=false, methodName=addToQueue, className=org.openqa.selenium.grid.sessionqueue.local.LocalNewSessionQueue, lineNumber=202, classLoaderName=null}, {fileName=NewSessionQueue.java, moduleVersion=null, moduleName=null, nativeMethod=false, methodName=lambda$new$0, className=org.openqa.selenium.grid.sessionqueue.NewSessionQueue, lineNumber=68, classLoaderName=null}, {fileName=Route.java, moduleVersion=null, moduleName=null, nativeMethod=false, methodName=handle, className=org.openqa.selenium.remote.http.Route$TemplatizedRoute, lineNumber=192, classLoaderName=null}, {fileName=Route.java, moduleVersion=null, moduleName=null, nativeMethod=false, methodName=execute, className=org.openqa.selenium.remote.http.Route, lineNumber=68, classLoaderName=null}, {fileName=Route.java, moduleVersion=null, moduleName=null, nativeMethod=false, methodName=handle, className=org.openqa.selenium.remote.http.Route$CombinedRoute, lineNumber=336, classLoaderName=null}, {fileName=Route.java, moduleVersion=null, moduleName=null, nativeMethod=false, methodName=execute, className=org.openqa.selenium.remote.http.Route, lineNumber=68, classLoaderName=null}, {fileName=NewSessionQueue.java, moduleVersion=null, moduleName=null, nativeMethod=false, methodName=execute, className=org.openqa.selenium.grid.sessionqueue.NewSessionQueue, lineNumber=122, classLoaderName=null}, {fileName=SpanWrappedHttpHandler.java, moduleVersion=null, moduleName=null, nativeMethod=false, methodName=execute, className=org.openqa.selenium.remote.tracing.SpanWrappedHttpHandler, lineNumber=86, classLoaderName=null}, {fileName=Filter.java, moduleVersion=null, moduleName=null, nativeMethod=false, methodName=execute, className=org.openqa.selenium.remote.http.Filter$1, lineNumber=64, classLoaderName=null}, {fileName=Route.java, moduleVersion=null, moduleName=null, nativeMethod=false, methodName=handle, className=org.openqa.selenium.remote.http.Route$CombinedRoute, lineNumber=336, classLoaderName=null}, {fileName=Route.java, moduleVersion=null, moduleName=null, nativeMethod=false, methodName=execute, className=org.openqa.selenium.remote.http.Route, lineNumber=68, classLoaderName=null}, {fileName=Router.java, moduleVersion=null, moduleName=null, nativeMethod=false, methodName=execute, className=org.openqa.selenium.grid.router.Router, lineNumber=91, classLoaderName=null}, {fileName=EnsureSpecCompliantResponseHeaders.java, moduleVersion=null, moduleName=null, nativeMethod=false, methodName=lambda$apply$0, className=org.openqa.selenium.grid.web.EnsureSpecCompliantResponseHeaders, lineNumber=34, classLoaderName=null}, {fileName=Filter.java, moduleVersion=null, moduleName=null, nativeMethod=false, methodName=execute, className=org.openqa.selenium.remote.http.Filter$1, lineNumber=64, classLoaderName=null}, {fileName=Route.java, moduleVersion=null, moduleName=null, nativeMethod=false, methodName=handle, className=org.openqa.selenium.remote.http.Route$CombinedRoute, lineNumber=336, classLoaderName=null}, {fileName=Route.java, moduleVersion=null, moduleName=null, nativeMethod=false, methodName=execute, className=org.openqa.selenium.remote.http.Route, lineNumber=68, classLoaderName=null}, {fileName=Route.java, moduleVersion=null, moduleName=null, nativeMethod=false, methodName=handle, className=org.openqa.selenium.remote.http.Route$NestedRoute, lineNumber=270, classLoaderName=null}, {fileName=Route.java, moduleVersion=null, moduleName=null, nativeMethod=false, methodName=execute, className=org.openqa.selenium.remote.http.Route, lineNumber=68, classLoaderName=null}, {fileName=Route.java, moduleVersion=null, moduleName=null, nativeMethod=false, methodName=handle, className=org.openqa.selenium.remote.http.Route$CombinedRoute, lineNumber=336, classLoaderName=null}, {fileName=Route.java, moduleVersion=null, moduleName=null, nativeMethod=false, methodName=execute, className=org.openqa.selenium.remote.http.Route, lineNumber=68, classLoaderName=null}, {fileName=Route.java, moduleVersion=null, moduleName=null, nativeMethod=false, methodName=handle, className=org.openqa.selenium.remote.http.Route$CombinedRoute, lineNumber=336, classLoaderName=null}, {fileName=Route.java, moduleVersion=null, moduleName=null, nativeMethod=false, methodName=execute, className=org.openqa.selenium.remote.http.Route, lineNumber=68, classLoaderName=null}, {fileName=Route.java, moduleVersion=null, moduleName=null, nativeMethod=false, methodName=handle, className=org.openqa.selenium.remote.http.Route$CombinedRoute, lineNumber=336, classLoaderName=null}, {fileName=Route.java, moduleVersion=null, moduleName=null, nativeMethod=false, methodName=execute, className=org.openqa.selenium.remote.http.Route, lineNumber=68, classLoaderName=null}, {fileName=Route.java, moduleVersion=null, moduleName=null, nativeMethod=false, methodName=handle, className=org.openqa.selenium.remote.http.Route$CombinedRoute, lineNumber=336, classLoaderName=null}, {fileName=Route.java, moduleVersion=null, moduleName=null, nativeMethod=false, methodName=execute, className=org.openqa.selenium.remote.http.Route, lineNumber=68, classLoaderName=null}, {fileName=AddWebDriverSpecHeaders.java, moduleVersion=null, moduleName=null, nativeMethod=false, methodName=lambda$apply$0, className=org.openqa.selenium.remote.AddWebDriverSpecHeaders, lineNumber=35, classLoaderName=null}, {fileName=ErrorFilter.java, moduleVersion=null, moduleName=null, nativeMethod=false, methodName=lambda$apply$0, className=org.openqa.selenium.remote.ErrorFilter, lineNumber=44, classLoaderName=null}, {fileName=Filter.java, moduleVersion=null, moduleName=null, nativeMethod=false, methodName=execute, className=org.openqa.selenium.remote.http.Filter$1, lineNumber=64, classLoaderName=null}, {fileName=ErrorFilter.java, moduleVersion=null, moduleName=null, nativeMethod=false, methodName=lambda$apply$0, className=org.openqa.selenium.remote.ErrorFilter, lineNumber=44, classLoaderName=null}, {fileName=Filter.java, moduleVersion=null, moduleName=null, nativeMethod=false, methodName=execute, className=org.openqa.selenium.remote.http.Filter$1, lineNumber=64, classLoaderName=null}, {fileName=SeleniumHandler.java, moduleVersion=null, moduleName=null, nativeMethod=false, methodName=lambda$channelRead0$0, className=org.openqa.selenium.netty.server.SeleniumHandler, lineNumber=44, classLoaderName=null}, {fileName=Executors.java, moduleVersion=11.0.17, moduleName=java.base, nativeMethod=false, methodName=call, className=java.util.concurrent.Executors$RunnableAdapter, lineNumber=515, classLoaderName=null}, {fileName=FutureTask.java, moduleVersion=11.0.17, moduleName=java.base, nativeMethod=false, methodName=run, className=java.util.concurrent.FutureTask, lineNumber=264, classLoaderName=null}, {fileName=ThreadPoolExecutor.java, moduleVersion=11.0.17, moduleName=java.base, nativeMethod=false, methodName=runWorker, className=java.util.concurrent.ThreadPoolExecutor, lineNumber=1128, classLoaderName=null}, {fileName=ThreadPoolExecutor.java, moduleVersion=11.0.17, moduleName=java.base, nativeMethod=false, methodName=run, className=java.util.concurrent.ThreadPoolExecutor$Worker, lineNumber=628, classLoaderName=null}, {fileName=Thread.java, moduleVersion=11.0.17, moduleName=java.base, nativeMethod=false, methodName=run, className=java.lang.Thread, lineNumber=829, classLoaderName=null}]" type="org.openqa.selenium.SessionNotCreatedException">
      <![CDATA[org.openqa.selenium.SessionNotCreatedException: Could not start a new session. New session request timed out 
Host info: host: '15d6fa03dca2', ip: '172.20.0.2'
Build info: version: '4.8.0', revision: '267030adea'
System info: os.name: 'Linux', os.arch: 'amd64', os.version: '5.15.82-0-virt', java.version: '11.0.17'
Driver info: driver.version: unknown
Build info: version: '3.141.59', revision: 'e82be7d358', time: '2018-11-14T08:17:03'
System info: host: 'Saidineshs-MacBook-Pro.local', ip: '2406:7400:63:68c1:c4b0:8a22:7b1c:edce%en0', os.name: 'Mac OS X', os.arch: 'x86_64', os.version: '10.16', java.version: '16.0.1'
Driver info: driver.version: RemoteWebDriver
remote stacktrace: [{fileName=LocalNewSessionQueue.java, moduleVersion=null, moduleName=null, nativeMethod=false, methodName=addToQueue, className=org.openqa.selenium.grid.sessionqueue.local.LocalNewSessionQueue, lineNumber=202, classLoaderName=null}, {fileName=NewSessionQueue.java, moduleVersion=null, moduleName=null, nativeMethod=false, methodName=lambda$new$0, className=org.openqa.selenium.grid.sessionqueue.NewSessionQueue, lineNumber=68, classLoaderName=null}, {fileName=Route.java, moduleVersion=null, moduleName=null, nativeMethod=false, methodName=handle, className=org.openqa.selenium.remote.http.Route$TemplatizedRoute, lineNumber=192, classLoaderName=null}, {fileName=Route.java, moduleVersion=null, moduleName=null, nativeMethod=false, methodName=execute, className=org.openqa.selenium.remote.http.Route, lineNumber=68, classLoaderName=null}, {fileName=Route.java, moduleVersion=null, moduleName=null, nativeMethod=false, methodName=handle, className=org.openqa.selenium.remote.http.Route$CombinedRoute, lineNumber=336, classLoaderName=null}, {fileName=Route.java, moduleVersion=null, moduleName=null, nativeMethod=false, methodName=execute, className=org.openqa.selenium.remote.http.Route, lineNumber=68, classLoaderName=null}, {fileName=NewSessionQueue.java, moduleVersion=null, moduleName=null, nativeMethod=false, methodName=execute, className=org.openqa.selenium.grid.sessionqueue.NewSessionQueue, lineNumber=122, classLoaderName=null}, {fileName=SpanWrappedHttpHandler.java, moduleVersion=null, moduleName=null, nativeMethod=false, methodName=execute, className=org.openqa.selenium.remote.tracing.SpanWrappedHttpHandler, lineNumber=86, classLoaderName=null}, {fileName=Filter.java, moduleVersion=null, moduleName=null, nativeMethod=false, methodName=execute, className=org.openqa.selenium.remote.http.Filter$1, lineNumber=64, classLoaderName=null}, {fileName=Route.java, moduleVersion=null, moduleName=null, nativeMethod=false, methodName=handle, className=org.openqa.selenium.remote.http.Route$CombinedRoute, lineNumber=336, classLoaderName=null}, {fileName=Route.java, moduleVersion=null, moduleName=null, nativeMethod=false, methodName=execute, className=org.openqa.selenium.remote.http.Route, lineNumber=68, classLoaderName=null}, {fileName=Router.java, moduleVersion=null, moduleName=null, nativeMethod=false, methodName=execute, className=org.openqa.selenium.grid.router.Router, lineNumber=91, classLoaderName=null}, {fileName=EnsureSpecCompliantResponseHeaders.java, moduleVersion=null, moduleName=null, nativeMethod=false, methodName=lambda$apply$0, className=org.openqa.selenium.grid.web.EnsureSpecCompliantResponseHeaders, lineNumber=34, classLoaderName=null}, {fileName=Filter.java, moduleVersion=null, moduleName=null, nativeMethod=false, methodName=execute, className=org.openqa.selenium.remote.http.Filter$1, lineNumber=64, classLoaderName=null}, {fileName=Route.java, moduleVersion=null, moduleName=null, nativeMethod=false, methodName=handle, className=org.openqa.selenium.remote.http.Route$CombinedRoute, lineNumber=336, classLoaderName=null}, {fileName=Route.java, moduleVersion=null, moduleName=null, nativeMethod=false, methodName=execute, className=org.openqa.selenium.remote.http.Route, lineNumber=68, classLoaderName=null}, {fileName=Route.java, moduleVersion=null, moduleName=null, nativeMethod=false, methodName=handle, className=org.openqa.selenium.remote.http.Route$NestedRoute, lineNumber=270, classLoaderName=null}, {fileName=Route.java, moduleVersion=null, moduleName=null, nativeMethod=false, methodName=execute, className=org.openqa.selenium.remote.http.Route, lineNumber=68, classLoaderName=null}, {fileName=Route.java, moduleVersion=null, moduleName=null, nativeMethod=false, methodName=handle, className=org.openqa.selenium.remote.http.Route$CombinedRoute, lineNumber=336, classLoaderName=null}, {fileName=Route.java, moduleVersion=null, moduleName=null, nativeMethod=false, methodName=execute, className=org.openqa.selenium.remote.http.Route, lineNumber=68, classLoaderName=null}, {fileName=Route.java, moduleVersion=null, moduleName=null, nativeMethod=false, methodName=handle, className=org.openqa.selenium.remote.http.Route$CombinedRoute, lineNumber=336, classLoaderName=null}, {fileName=Route.java, moduleVersion=null, moduleName=null, nativeMethod=false, methodName=execute, className=org.openqa.selenium.remote.http.Route, lineNumber=68, classLoaderName=null}, {fileName=Route.java, moduleVersion=null, moduleName=null, nativeMethod=false, methodName=handle, className=org.openqa.selenium.remote.http.Route$CombinedRoute, lineNumber=336, classLoaderName=null}, {fileName=Route.java, moduleVersion=null, moduleName=null, nativeMethod=false, methodName=execute, className=org.openqa.selenium.remote.http.Route, lineNumber=68, classLoaderName=null}, {fileName=Route.java, moduleVersion=null, moduleName=null, nativeMethod=false, methodName=handle, className=org.openqa.selenium.remote.http.Route$CombinedRoute, lineNumber=336, classLoaderName=null}, {fileName=Route.java, moduleVersion=null, moduleName=null, nativeMethod=false, methodName=execute, className=org.openqa.selenium.remote.http.Route, lineNumber=68, classLoaderName=null}, {fileName=AddWebDriverSpecHeaders.java, moduleVersion=null, moduleName=null, nativeMethod=false, methodName=lambda$apply$0, className=org.openqa.selenium.remote.AddWebDriverSpecHeaders, lineNumber=35, classLoaderName=null}, {fileName=ErrorFilter.java, moduleVersion=null, moduleName=null, nativeMethod=false, methodName=lambda$apply$0, className=org.openqa.selenium.remote.ErrorFilter, lineNumber=44, classLoaderName=null}, {fileName=Filter.java, moduleVersion=null, moduleName=null, nativeMethod=false, methodName=execute, className=org.openqa.selenium.remote.http.Filter$1, lineNumber=64, classLoaderName=null}, {fileName=ErrorFilter.java, moduleVersion=null, moduleName=null, nativeMethod=false, methodName=lambda$apply$0, className=org.openqa.selenium.remote.ErrorFilter, lineNumber=44, classLoaderName=null}, {fileName=Filter.java, moduleVersion=null, moduleName=null, nativeMethod=false, methodName=execute, className=org.openqa.selenium.remote.http.Filter$1, lineNumber=64, classLoaderName=null}, {fileName=SeleniumHandler.java, moduleVersion=null, moduleName=null, nativeMethod=false, methodName=lambda$channelRead0$0, className=org.openqa.selenium.netty.server.SeleniumHandler, lineNumber=44, classLoaderName=null}, {fileName=Executors.java, moduleVersion=11.0.17, moduleName=java.base, nativeMethod=false, methodName=call, className=java.util.concurrent.Executors$RunnableAdapter, lineNumber=515, classLoaderName=null}, {fileName=FutureTask.java, moduleVersion=11.0.17, moduleName=java.base, nativeMethod=false, methodName=run, className=java.util.concurrent.FutureTask, lineNumber=264, classLoaderName=null}, {fileName=ThreadPoolExecutor.java, moduleVersion=11.0.17, moduleName=java.base, nativeMethod=false, methodName=runWorker, className=java.util.concurrent.ThreadPoolExecutor, lineNumber=1128, classLoaderName=null}, {fileName=ThreadPoolExecutor.java, moduleVersion=11.0.17, moduleName=java.base, nativeMethod=false, methodName=run, className=java.util.concurrent.ThreadPoolExecutor$Worker, lineNumber=628, classLoaderName=null}, {fileName=Thread.java, moduleVersion=11.0.17, moduleName=java.base, nativeMethod=false, methodName=run, className=java.lang.Thread, lineNumber=829, classLoaderName=null}]
at java.base/jdk.internal.reflect.NativeConstructorAccessorImpl.newInstance0(Native Method)
at java.base/jdk.internal.reflect.NativeConstructorAccessorImpl.newInstance(NativeConstructorAccessorImpl.java:78)
at java.base/jdk.internal.reflect.DelegatingConstructorAccessorImpl.newInstance(DelegatingConstructorAccessorImpl.java:45)
at java.base/java.lang.reflect.Constructor.newInstanceWithCaller(Constructor.java:499)
at java.base/java.lang.reflect.Constructor.newInstance(Constructor.java:480)
at org.openqa.selenium.remote.W3CHandshakeResponse.lambda$errorHandler$0(W3CHandshakeResponse.java:62)
at org.openqa.selenium.remote.HandshakeResponse.lambda$getResponseFunction$0(HandshakeResponse.java:30)
at org.openqa.selenium.remote.ProtocolHandshake.lambda$createSession$0(ProtocolHandshake.java:126)
at java.base/java.util.stream.ReferencePipeline$3$1.accept(ReferencePipeline.java:197)
at java.base/java.util.Spliterators$ArraySpliterator.tryAdvance(Spliterators.java:958)
at java.base/java.util.stream.ReferencePipeline.forEachWithCancel(ReferencePipeline.java:129)
at java.base/java.util.stream.AbstractPipeline.copyIntoWithCancel(AbstractPipeline.java:502)
at java.base/java.util.stream.AbstractPipeline.copyInto(AbstractPipeline.java:488)
at java.base/java.util.stream.AbstractPipeline.wrapAndCopyInto(AbstractPipeline.java:474)
at java.base/java.util.stream.FindOps$FindOp.evaluateSequential(FindOps.java:150)
at java.base/java.util.stream.AbstractPipeline.evaluate(AbstractPipeline.java:234)
at java.base/java.util.stream.ReferencePipeline.findFirst(ReferencePipeline.java:647)
at org.openqa.selenium.remote.ProtocolHandshake.createSession(ProtocolHandshake.java:128)
at org.openqa.selenium.remote.ProtocolHandshake.createSession(ProtocolHandshake.java:74)
at org.openqa.selenium.remote.HttpCommandExecutor.execute(HttpCommandExecutor.java:136)
at org.openqa.selenium.remote.RemoteWebDriver.execute(RemoteWebDriver.java:552)
at org.openqa.selenium.remote.RemoteWebDriver.startSession(RemoteWebDriver.java:213)
at org.openqa.selenium.remote.RemoteWebDriver.<init>(RemoteWebDriver.java:131)
at org.openqa.selenium.remote.RemoteWebDriver.<init>(RemoteWebDriver.java:144)
at remoteTestingDocker.DockerValidation.LaunchBrowser.opendriver(LaunchBrowser.java:41)
at java.base/jdk.internal.reflect.NativeMethodAccessorImpl.invoke0(Native Method)
at java.base/jdk.internal.reflect.NativeMethodAccessorImpl.invoke(NativeMethodAccessorImpl.java:78)
at java.base/jdk.internal.reflect.DelegatingMethodAccessorImpl.invoke(DelegatingMethodAccessorImpl.java:43)
at java.base/java.lang.reflect.Method.invoke(Method.java:567)
at org.testng.internal.MethodInvocationHelper.invokeMethod(MethodInvocationHelper.java:133)
at org.testng.internal.MethodInvocationHelper.invokeMethodConsideringTimeout(MethodInvocationHelper.java:62)
at org.testng.internal.ConfigInvoker.invokeConfigurationMethod(ConfigInvoker.java:385)
at org.testng.internal.ConfigInvoker.invokeConfigurations(ConfigInvoker.java:321)
at org.testng.internal.TestMethodWorker.invokeBeforeClassMethods(TestMethodWorker.java:176)
at org.testng.internal.TestMethodWorker.run(TestMethodWorker.java:122)
at java.base/java.util.ArrayList.forEach(ArrayList.java:1511)
at org.testng.TestRunner.privateRun(TestRunner.java:794)
at org.testng.TestRunner.run(TestRunner.java:596)
at org.testng.SuiteRunner.runTest(SuiteRunner.java:377)
at org.testng.SuiteRunner.access$000(SuiteRunner.java:28)
at org.testng.SuiteRunner$SuiteWorker.run(SuiteRunner.java:418)
at org.testng.internal.thread.ThreadUtil.lambda$execute$0(ThreadUtil.java:64)
at java.base/java.util.concurrent.FutureTask.run(FutureTask.java:264)
at java.base/java.util.concurrent.ThreadPoolExecutor.runWorker(ThreadPoolExecutor.java:1130)
at java.base/java.util.concurrent.ThreadPoolExecutor$Worker.run(ThreadPoolExecutor.java:630)
at java.base/java.lang.Thread.run(Thread.java:831)
]]>
    </error>
  </testcase> <!-- opendriver -->
  <system-out/>
  <testcase classname="remoteTestingDocker.DockerValidation.Googlepage" name="verifygooglepage" time="0.000">
    <skipped/>
  </testcase> <!-- verifygooglepage -->
  <system-out/>
  <testcase classname="remoteTestingDocker.DockerValidation.Googlepage" name="verifygooglepage" time="4.474"/>
  <system-out/>
  <testcase classname="remoteTestingDocker.DockerValidation.Googlepage" name="verifygooglepage" time="3.935"/>
  <system-out/>
  <testcase classname="remoteTestingDocker.DockerValidation.Googlepage" name="verifyfacebookpage" time="1.936"/>
  <system-out/>
  <testcase classname="remoteTestingDocker.DockerValidation.Googlepage" name="verifyfacebookpage" time="5.238">
    <failure message="expected [Facebook – log in or sign up] but found [Google]" type="java.lang.AssertionError">
      <![CDATA[java.lang.AssertionError: expected [Facebook – log in or sign up] but found [Google]
at org.testng.Assert.fail(Assert.java:99)
at org.testng.Assert.failNotEquals(Assert.java:1037)
at org.testng.Assert.assertEqualsImpl(Assert.java:140)
at org.testng.Assert.assertEquals(Assert.java:122)
at org.testng.Assert.assertEquals(Assert.java:629)
at org.testng.Assert.assertEquals(Assert.java:639)
at remoteTestingDocker.DockerValidation.Googlepage.verifyfacebookpage(Googlepage.java:19)
at java.base/jdk.internal.reflect.NativeMethodAccessorImpl.invoke0(Native Method)
at java.base/jdk.internal.reflect.NativeMethodAccessorImpl.invoke(NativeMethodAccessorImpl.java:78)
at java.base/jdk.internal.reflect.DelegatingMethodAccessorImpl.invoke(DelegatingMethodAccessorImpl.java:43)
at java.base/java.lang.reflect.Method.invoke(Method.java:567)
at org.testng.internal.MethodInvocationHelper.invokeMethod(MethodInvocationHelper.java:133)
at org.testng.internal.TestInvoker.invokeMethod(TestInvoker.java:598)
at org.testng.internal.TestInvoker.invokeTestMethod(TestInvoker.java:173)
at org.testng.internal.MethodRunner.runInSequence(MethodRunner.java:46)
at org.testng.internal.TestInvoker$MethodInvocationAgent.invoke(TestInvoker.java:824)
at org.testng.internal.TestInvoker.invokeTestMethods(TestInvoker.java:146)
at org.testng.internal.TestMethodWorker.invokeTestMethods(TestMethodWorker.java:146)
at org.testng.internal.TestMethodWorker.run(TestMethodWorker.java:128)
at java.base/java.util.ArrayList.forEach(ArrayList.java:1511)
at org.testng.TestRunner.privateRun(TestRunner.java:794)
at org.testng.TestRunner.run(TestRunner.java:596)
at org.testng.SuiteRunner.runTest(SuiteRunner.java:377)
at org.testng.SuiteRunner.access$000(SuiteRunner.java:28)
at org.testng.SuiteRunner$SuiteWorker.run(SuiteRunner.java:418)
at org.testng.internal.thread.ThreadUtil.lambda$execute$0(ThreadUtil.java:64)
at java.base/java.util.concurrent.FutureTask.run(FutureTask.java:264)
at java.base/java.util.concurrent.ThreadPoolExecutor.runWorker(ThreadPoolExecutor.java:1130)
at java.base/java.util.concurrent.ThreadPoolExecutor$Worker.run(ThreadPoolExecutor.java:630)
at java.base/java.lang.Thread.run(Thread.java:831)
]]>
    </failure>
  </testcase> <!-- verifyfacebookpage -->
  <system-out/>
  <testcase classname="remoteTestingDocker.DockerValidation.Googlepage" name="verifyfacebookpage" time="0.000">
    <skipped/>
  </testcase> <!-- verifyfacebookpage -->
  <system-out/>
</testsuite> <!-- remoteTestingDocker.DockerValidation.Googlepage -->
