<?xml version="1.0" encoding="UTF-8"?>
<!-- Generated by org.testng.reporters.JUnitReportReporter -->
<testsuite hostname="Saidineshs-MacBook-Pro.local" failures="0" tests="2" name="remoteTestingDocker.DockerValidation.AppTest" time="0.008" errors="0" timestamp="2023-06-19T15:59:27 IST" skipped="0">
  <testcase classname="remoteTestingDocker.DockerValidation.AppTest" name="shouldAnswerWithTrue" time="0.004"/>
  <system-out/>
  <testcase classname="remoteTestingDocker.DockerValidation.AppTest" name="shouldAnswerWithTrue" time="0.004"/>
  <system-out/>
</testsuite> <!-- remoteTestingDocker.DockerValidation.AppTest -->
