<?xml version="1.0" encoding="UTF-8"?>
<!-- Generated by org.testng.reporters.JUnitReportReporter -->
<testsuite hostname="Saidineshs-MacBook-Pro.local" failures="0" tests="6" name="remoteTestingDocker.DockerValidation.Googlepage" time="72.676" errors="0" timestamp="2023-05-31T12:46:49 IST" skipped="0">
  <testcase classname="remoteTestingDocker.DockerValidation.Googlepage" name="verifygooglepage" time="27.934"/>
  <system-out/>
  <testcase classname="remoteTestingDocker.DockerValidation.Googlepage" name="verifygooglepage" time="24.930"/>
  <system-out/>
  <testcase classname="remoteTestingDocker.DockerValidation.Googlepage" name="verifygooglepage" time="4.374"/>
  <system-out/>
  <testcase classname="remoteTestingDocker.DockerValidation.Googlepage" name="verifyfacebookpage" time="5.191"/>
  <system-out/>
  <testcase classname="remoteTestingDocker.DockerValidation.Googlepage" name="verifyfacebookpage" time="4.923"/>
  <system-out/>
  <testcase classname="remoteTestingDocker.DockerValidation.Googlepage" name="verifyfacebookpage" time="5.324"/>
  <system-out/>
</testsuite> <!-- remoteTestingDocker.DockerValidation.Googlepage -->
